2024-12-15 11:12:50,903 - INFO - Starting Flask application.
2024-12-15 11:12:56,136 - INFO - Starting Flask application.
2024-12-15 11:12:59,367 - INFO - Received comparison request: latex1='((a^b) * (a^c) * 888 * (a^67))' latex2='(a^{b + c + 67} * 888)'
2024-12-15 11:12:59,679 - DEBUG - Transformed latex1: mul(mul(mul(pow(var(a), var(b)), pow(var(a), var(c))), num(888)), pow(var(a), num(67)))
2024-12-15 11:12:59,698 - DEBUG - Transformed latex2: mul(pow(var(a), sum(sum(var(b), var(c)), num(67))), num(888))
2024-12-15 11:12:59,720 - INFO - Initialized ExpressionChecker.
2024-12-15 11:12:59,721 - DEBUG - Iteration result: progress='f', similarity=1, new_1=(888*(a**(67+(b+c)))), new_2=(888*(a**(67+(b+c))))
2024-12-15 11:12:59,721 - INFO - Search completed.
2024-12-15 11:12:59,722 - INFO - Final similarity: 100.00%
2024-12-15 11:14:40,924 - INFO - Starting Flask application.
2024-12-15 11:15:28,021 - INFO - Starting Flask application.
2024-12-15 11:15:48,144 - INFO - Starting Flask application.
2024-12-15 11:16:48,967 - INFO - Starting Flask application.
2024-12-15 11:19:11,558 - INFO - Starting Flask application.
2024-12-15 11:20:28,131 - INFO - Starting Flask application.
2024-12-15 11:21:12,438 - INFO - Received comparison request: latex1='((a^b) * (a^c) * 888 * (a^67))' latex2='(a^{b + c + 67} * 888)'
2024-12-15 11:21:12,779 - DEBUG - Transformed latex1: mul(mul(mul(pow(var(a), var(b)), pow(var(a), var(c))), num(888)), pow(var(a), num(67)))
2024-12-15 11:21:12,799 - DEBUG - Transformed latex2: mul(pow(var(a), sum(sum(var(b), var(c)), num(67))), num(888))
2024-12-15 11:21:12,821 - INFO - Initialized ExpressionChecker.
2024-12-15 11:21:12,823 - DEBUG - Iteration result: progress='f', similarity=1, new_1=(888*(a**(67+(b+c)))), new_2=(888*(a**(67+(b+c))))
2024-12-15 11:21:12,823 - INFO - Search completed.
2024-12-15 11:21:12,823 - INFO - Final similarity: 100.00%
2024-12-15 11:21:36,381 - INFO - Starting Flask application.
2024-12-15 11:22:05,603 - INFO - Received comparison request: latex1='((a^b) * (a^c) * 888 * (a^67))' latex2='(a^{b + c + 67} * 888)'
2024-12-15 11:22:05,950 - DEBUG - Transformed latex1: mul(mul(mul(pow(var(a), var(b)), pow(var(a), var(c))), num(888)), pow(var(a), num(67)))
2024-12-15 11:22:05,969 - DEBUG - Transformed latex2: mul(pow(var(a), sum(sum(var(b), var(c)), num(67))), num(888))
2024-12-15 11:22:05,991 - INFO - Initialized ExpressionChecker.
2024-12-15 11:22:05,993 - DEBUG - Iteration result: progress='f', similarity=1, new_1=(888*(a**(67+(b+c)))), new_2=(888*(a**(67+(b+c))))
2024-12-15 11:22:05,993 - INFO - Search completed.
2024-12-15 11:22:05,993 - INFO - Final similarity: 100.00%
2024-12-15 11:22:08,055 - INFO - Received comparison request: latex1='((a^b) * (a^c) * 888 * (a^67))' latex2='(a^{b + c + 67} * 888)'
2024-12-15 11:22:08,067 - DEBUG - Transformed latex1: mul(mul(mul(pow(var(a), var(b)), pow(var(a), var(c))), num(888)), pow(var(a), num(67)))
2024-12-15 11:22:08,073 - DEBUG - Transformed latex2: mul(pow(var(a), sum(sum(var(b), var(c)), num(67))), num(888))
2024-12-15 11:22:08,096 - INFO - Initialized ExpressionChecker.
2024-12-15 11:22:08,097 - DEBUG - Iteration result: progress='f', similarity=1, new_1=(888*(a**(67+(b+c)))), new_2=(888*(a**(67+(b+c))))
2024-12-15 11:22:08,097 - INFO - Search completed.
2024-12-15 11:22:08,097 - INFO - Final similarity: 100.00%
2024-12-15 11:22:08,485 - INFO - Received comparison request: latex1='((a^b) * (a^c) * 888 * (a^67))' latex2='(a^{b + c + 67} * 888)'
2024-12-15 11:22:08,495 - DEBUG - Transformed latex1: mul(mul(mul(pow(var(a), var(b)), pow(var(a), var(c))), num(888)), pow(var(a), num(67)))
2024-12-15 11:22:08,501 - DEBUG - Transformed latex2: mul(pow(var(a), sum(sum(var(b), var(c)), num(67))), num(888))
2024-12-15 11:22:08,522 - INFO - Initialized ExpressionChecker.
2024-12-15 11:22:08,523 - DEBUG - Iteration result: progress='f', similarity=1, new_1=(888*(a**(67+(b+c)))), new_2=(888*(a**(67+(b+c))))
2024-12-15 11:22:08,523 - INFO - Search completed.
2024-12-15 11:22:08,523 - INFO - Final similarity: 100.00%
2024-12-15 11:22:08,626 - INFO - Received comparison request: latex1='((a^b) * (a^c) * 888 * (a^67))' latex2='(a^{b + c + 67} * 888)'
2024-12-15 11:22:08,636 - DEBUG - Transformed latex1: mul(mul(mul(pow(var(a), var(b)), pow(var(a), var(c))), num(888)), pow(var(a), num(67)))
2024-12-15 11:22:08,642 - DEBUG - Transformed latex2: mul(pow(var(a), sum(sum(var(b), var(c)), num(67))), num(888))
2024-12-15 11:22:08,663 - INFO - Initialized ExpressionChecker.
2024-12-15 11:22:08,665 - DEBUG - Iteration result: progress='f', similarity=1, new_1=(888*(a**(67+(b+c)))), new_2=(888*(a**(67+(b+c))))
2024-12-15 11:22:08,665 - INFO - Search completed.
2024-12-15 11:22:08,665 - INFO - Final similarity: 100.00%
2024-12-15 11:22:08,782 - INFO - Received comparison request: latex1='((a^b) * (a^c) * 888 * (a^67))' latex2='(a^{b + c + 67} * 888)'
2024-12-15 11:22:08,792 - DEBUG - Transformed latex1: mul(mul(mul(pow(var(a), var(b)), pow(var(a), var(c))), num(888)), pow(var(a), num(67)))
2024-12-15 11:22:08,799 - DEBUG - Transformed latex2: mul(pow(var(a), sum(sum(var(b), var(c)), num(67))), num(888))
2024-12-15 11:22:08,820 - INFO - Initialized ExpressionChecker.
2024-12-15 11:22:08,822 - DEBUG - Iteration result: progress='f', similarity=1, new_1=(888*(a**(67+(b+c)))), new_2=(888*(a**(67+(b+c))))
2024-12-15 11:22:08,822 - INFO - Search completed.
2024-12-15 11:22:08,822 - INFO - Final similarity: 100.00%
2024-12-15 11:22:08,914 - INFO - Received comparison request: latex1='((a^b) * (a^c) * 888 * (a^67))' latex2='(a^{b + c + 67} * 888)'
2024-12-15 11:22:08,924 - DEBUG - Transformed latex1: mul(mul(mul(pow(var(a), var(b)), pow(var(a), var(c))), num(888)), pow(var(a), num(67)))
2024-12-15 11:22:08,930 - DEBUG - Transformed latex2: mul(pow(var(a), sum(sum(var(b), var(c)), num(67))), num(888))
2024-12-15 11:22:08,951 - INFO - Initialized ExpressionChecker.
2024-12-15 11:22:08,952 - DEBUG - Iteration result: progress='f', similarity=1, new_1=(888*(a**(67+(b+c)))), new_2=(888*(a**(67+(b+c))))
2024-12-15 11:22:08,953 - INFO - Search completed.
2024-12-15 11:22:08,953 - INFO - Final similarity: 100.00%
2024-12-15 11:22:09,034 - INFO - Received comparison request: latex1='((a^b) * (a^c) * 888 * (a^67))' latex2='(a^{b + c + 67} * 888)'
2024-12-15 11:22:09,044 - DEBUG - Transformed latex1: mul(mul(mul(pow(var(a), var(b)), pow(var(a), var(c))), num(888)), pow(var(a), num(67)))
2024-12-15 11:22:09,050 - DEBUG - Transformed latex2: mul(pow(var(a), sum(sum(var(b), var(c)), num(67))), num(888))
2024-12-15 11:22:09,071 - INFO - Initialized ExpressionChecker.
2024-12-15 11:22:09,073 - DEBUG - Iteration result: progress='f', similarity=1, new_1=(888*(a**(67+(b+c)))), new_2=(888*(a**(67+(b+c))))
2024-12-15 11:22:09,073 - INFO - Search completed.
2024-12-15 11:22:09,073 - INFO - Final similarity: 100.00%
2024-12-15 11:22:09,173 - INFO - Received comparison request: latex1='((a^b) * (a^c) * 888 * (a^67))' latex2='(a^{b + c + 67} * 888)'
2024-12-15 11:22:09,183 - DEBUG - Transformed latex1: mul(mul(mul(pow(var(a), var(b)), pow(var(a), var(c))), num(888)), pow(var(a), num(67)))
2024-12-15 11:22:09,189 - DEBUG - Transformed latex2: mul(pow(var(a), sum(sum(var(b), var(c)), num(67))), num(888))
2024-12-15 11:22:09,210 - INFO - Initialized ExpressionChecker.
2024-12-15 11:22:09,212 - DEBUG - Iteration result: progress='f', similarity=1, new_1=(888*(a**(67+(b+c)))), new_2=(888*(a**(67+(b+c))))
2024-12-15 11:22:09,212 - INFO - Search completed.
2024-12-15 11:22:09,212 - INFO - Final similarity: 100.00%
2024-12-15 11:22:19,252 - INFO - Received comparison request: latex1='((a^b) * (a^c) * 888 * (a^67))((a^b) * (a^c) * 888 * (a^67))((a^b) * (a^c) * 888 * (a^67))((a^b) * (a^c) * 888 * (a^67))((a^b) * (a^c) * 888 * (a^67))' latex2='(a^{b + c + 67} * 888)(a^{b + c + 67} * 888)(a^{b + c + 67} * 888)(a^{b + c + 67} * 888)(a^{b + c + 67} * 888)'
2024-12-15 11:22:19,348 - DEBUG - Transformed latex1: mul(mul(mul(mul(pow(var(a), var(b)), pow(var(a), var(c))), num(888)), pow(var(a), num(67))), mul(mul(mul(mul(pow(var(a), var(b)), pow(var(a), var(c))), num(888)), pow(var(a), num(67))), mul(mul(mul(mul(pow(var(a), var(b)), pow(var(a), var(c))), num(888)), pow(var(a), num(67))), mul(mul(mul(mul(pow(var(a), var(b)), pow(var(a), var(c))), num(888)), pow(var(a), num(67))), mul(mul(mul(pow(var(a), var(b)), pow(var(a), var(c))), num(888)), pow(var(a), num(67)))))))
2024-12-15 11:22:19,409 - DEBUG - Transformed latex2: mul(mul(pow(var(a), sum(sum(var(b), var(c)), num(67))), num(888)), mul(mul(pow(var(a), sum(sum(var(b), var(c)), num(67))), num(888)), mul(mul(pow(var(a), sum(sum(var(b), var(c)), num(67))), num(888)), mul(mul(pow(var(a), sum(sum(var(b), var(c)), num(67))), num(888)), mul(pow(var(a), sum(sum(var(b), var(c)), num(67))), num(888))))))
2024-12-15 11:22:19,442 - INFO - Initialized ExpressionChecker.
2024-12-15 11:23:10,793 - INFO - Received comparison request: latex1='((a^b) * (a^c) * 888 * (a^67))((a^b) * (a^c) * 888 * (a^67))((a^b) * (a^c) * 888 * (a^67))((a^b) * (a^c) * 888 * (a^67))((a^b) * (a^c) * 888 * (a^67))' latex2='(a^{b + c + 67} * 888)(a^{b + c + 67} * 888)(a^{b + c + 67} * 888)(a^{b + c + 67} * 888)(a^{b + c + 67} * 888)'
2024-12-15 11:23:11,158 - DEBUG - Transformed latex1: mul(mul(mul(mul(pow(var(a), var(b)), pow(var(a), var(c))), num(888)), pow(var(a), num(67))), mul(mul(mul(mul(pow(var(a), var(b)), pow(var(a), var(c))), num(888)), pow(var(a), num(67))), mul(mul(mul(mul(pow(var(a), var(b)), pow(var(a), var(c))), num(888)), pow(var(a), num(67))), mul(mul(mul(mul(pow(var(a), var(b)), pow(var(a), var(c))), num(888)), pow(var(a), num(67))), mul(mul(mul(pow(var(a), var(b)), pow(var(a), var(c))), num(888)), pow(var(a), num(67)))))))
2024-12-15 11:23:11,536 - DEBUG - Transformed latex2: mul(mul(pow(var(a), sum(sum(var(b), var(c)), num(67))), num(888)), mul(mul(pow(var(a), sum(sum(var(b), var(c)), num(67))), num(888)), mul(mul(pow(var(a), sum(sum(var(b), var(c)), num(67))), num(888)), mul(mul(pow(var(a), sum(sum(var(b), var(c)), num(67))), num(888)), mul(pow(var(a), sum(sum(var(b), var(c)), num(67))), num(888))))))
2024-12-15 11:23:11,814 - INFO - Initialized ExpressionChecker.
2024-12-15 11:23:25,955 - INFO - Starting Flask application.
2024-12-15 11:23:30,969 - INFO - Starting Flask application.
2024-12-15 11:23:34,434 - INFO - Received comparison request: latex1='((a^b) * (a^c) * 888 * (a^67))((a^b) * (a^c) * 888 * (a^67))((a^b) * (a^c) * 888 * (a^67))((a^b) * (a^c) * 888 * (a^67))((a^b) * (a^c) * 888 * (a^67))' latex2='(a^{b + c + 67} * 888)(a^{b + c + 67} * 888)(a^{b + c + 67} * 888)(a^{b + c + 67} * 888)(a^{b + c + 67} * 888)'
2024-12-15 11:23:34,897 - DEBUG - Transformed latex1: mul(mul(mul(mul(pow(var(a), var(b)), pow(var(a), var(c))), num(888)), pow(var(a), num(67))), mul(mul(mul(mul(pow(var(a), var(b)), pow(var(a), var(c))), num(888)), pow(var(a), num(67))), mul(mul(mul(mul(pow(var(a), var(b)), pow(var(a), var(c))), num(888)), pow(var(a), num(67))), mul(mul(mul(mul(pow(var(a), var(b)), pow(var(a), var(c))), num(888)), pow(var(a), num(67))), mul(mul(mul(pow(var(a), var(b)), pow(var(a), var(c))), num(888)), pow(var(a), num(67)))))))
2024-12-15 11:23:34,973 - DEBUG - Transformed latex2: mul(mul(pow(var(a), sum(sum(var(b), var(c)), num(67))), num(888)), mul(mul(pow(var(a), sum(sum(var(b), var(c)), num(67))), num(888)), mul(mul(pow(var(a), sum(sum(var(b), var(c)), num(67))), num(888)), mul(mul(pow(var(a), sum(sum(var(b), var(c)), num(67))), num(888)), mul(pow(var(a), sum(sum(var(b), var(c)), num(67))), num(888))))))
2024-12-15 11:23:35,010 - INFO - Initialized ExpressionChecker.
2024-12-15 11:24:10,492 - INFO - Starting Flask application.
2024-12-15 11:24:15,623 - INFO - Starting Flask application.
2024-12-15 11:24:19,065 - INFO - Received comparison request: latex1='((a^b) * (a^c) * 888 * (a^67))((a^b) * (a^c) * 888 * (a^67))' latex2='(a^{b + c + 67} * 888)(a^{b + c + 67} * 888)'
2024-12-15 11:24:19,449 - DEBUG - Transformed latex1: mul(mul(mul(mul(pow(var(a), var(b)), pow(var(a), var(c))), num(888)), pow(var(a), num(67))), mul(mul(mul(pow(var(a), var(b)), pow(var(a), var(c))), num(888)), pow(var(a), num(67))))
2024-12-15 11:24:19,487 - DEBUG - Transformed latex2: mul(mul(pow(var(a), sum(sum(var(b), var(c)), num(67))), num(888)), mul(pow(var(a), sum(sum(var(b), var(c)), num(67))), num(888)))
2024-12-15 11:24:19,513 - INFO - Initialized ExpressionChecker.
2024-12-15 11:24:19,531 - DEBUG - Iteration result: progress='f', similarity=1, new_1=((888*(a**(67+(b+c))))*(888*(a**(67+b+c)))), new_2=((888*(a**(67+(b+c))))*(888*(a**(67+b+c))))
2024-12-15 11:24:19,531 - INFO - Search completed.
2024-12-15 11:24:19,531 - INFO - Final similarity: 100.00%
2024-12-15 11:24:49,098 - INFO - Starting Flask application.
2024-12-15 11:25:01,458 - INFO - Starting Flask application.
2024-12-15 11:25:08,309 - INFO - Received comparison request: latex1='((a^b) * (a^c) * 888 * (a^67))((a^b) * (a^c) * 888 * (a^67))' latex2='(a^{b + c + 67} * 888)(a^{b + c + 67} * 888)'
2024-12-15 11:25:08,686 - DEBUG - Transformed latex1: mul(mul(mul(mul(pow(var(a), var(b)), pow(var(a), var(c))), num(888)), pow(var(a), num(67))), mul(mul(mul(pow(var(a), var(b)), pow(var(a), var(c))), num(888)), pow(var(a), num(67))))
2024-12-15 11:25:08,723 - DEBUG - Transformed latex2: mul(mul(pow(var(a), sum(sum(var(b), var(c)), num(67))), num(888)), mul(pow(var(a), sum(sum(var(b), var(c)), num(67))), num(888)))
2024-12-15 11:25:08,748 - INFO - Initialized ExpressionChecker.
2024-12-15 11:25:08,766 - DEBUG - Iteration result: progress='f', similarity=1, new_1=((888*(a**(67+(b+c))))*(888*(a**(67+b+c)))), new_2=((888*(a**(67+(b+c))))*(888*(a**(67+b+c))))
2024-12-15 11:25:08,766 - INFO - Search completed.
2024-12-15 11:25:08,766 - INFO - Final similarity: 100.00%
2024-12-15 11:25:08,766 - INFO - Time taken (s): 42.76 ms
2024-12-15 11:25:15,696 - INFO - Received comparison request: latex1='((a^b) * (a^c) * 888 * (a^67))((a^b) * (a^c) * 888 * (a^67))' latex2='(a^{b + c + 67} * 888)(a^{b + c + 67} * 888)'
2024-12-15 11:25:15,721 - DEBUG - Transformed latex1: mul(mul(mul(mul(pow(var(a), var(b)), pow(var(a), var(c))), num(888)), pow(var(a), num(67))), mul(mul(mul(pow(var(a), var(b)), pow(var(a), var(c))), num(888)), pow(var(a), num(67))))
2024-12-15 11:25:15,737 - DEBUG - Transformed latex2: mul(mul(pow(var(a), sum(sum(var(b), var(c)), num(67))), num(888)), mul(pow(var(a), sum(sum(var(b), var(c)), num(67))), num(888)))
2024-12-15 11:25:15,764 - INFO - Initialized ExpressionChecker.
2024-12-15 11:25:15,782 - DEBUG - Iteration result: progress='f', similarity=1, new_1=((888*(a**(67+(b+c))))*(888*(a**(67+b+c)))), new_2=((888*(a**(67+(b+c))))*(888*(a**(67+b+c))))
2024-12-15 11:25:15,782 - INFO - Search completed.
2024-12-15 11:25:15,782 - INFO - Final similarity: 100.00%
2024-12-15 11:25:15,783 - INFO - Time taken (s): 45.14 ms
2024-12-15 11:25:28,508 - INFO - Received comparison request: latex1='((a^b) * (a^c) * 888 * (a^67))((a^b) * (a^c) * 888 * (a^67))((a^b) * (a^c) * 888 * (a^67))' latex2='(a^{b + c + 67} * 888)(a^{b + c + 67} * 888)(a^{b + c + 67} * 888)'
2024-12-15 11:25:28,559 - DEBUG - Transformed latex1: mul(mul(mul(mul(pow(var(a), var(b)), pow(var(a), var(c))), num(888)), pow(var(a), num(67))), mul(mul(mul(mul(pow(var(a), var(b)), pow(var(a), var(c))), num(888)), pow(var(a), num(67))), mul(mul(mul(pow(var(a), var(b)), pow(var(a), var(c))), num(888)), pow(var(a), num(67)))))
2024-12-15 11:25:28,594 - DEBUG - Transformed latex2: mul(mul(pow(var(a), sum(sum(var(b), var(c)), num(67))), num(888)), mul(mul(pow(var(a), sum(sum(var(b), var(c)), num(67))), num(888)), mul(pow(var(a), sum(sum(var(b), var(c)), num(67))), num(888))))
2024-12-15 11:25:28,626 - INFO - Initialized ExpressionChecker.
2024-12-15 11:25:29,048 - DEBUG - Iteration result: progress='f', similarity=1, new_1=(((888*(a**(67+(b+c))))*(888*(a**(67+b+c))))*(888*(a**(67+b+c)))), new_2=(((888*(a**(67+(b+c))))*(888*(a**(67+b+c))))*(888*(a**(67+b+c))))
2024-12-15 11:25:29,048 - INFO - Search completed.
2024-12-15 11:25:29,048 - INFO - Final similarity: 100.00%
2024-12-15 11:25:29,049 - INFO - Time taken (s): 454.60 ms
2024-12-15 11:25:42,575 - INFO - Received comparison request: latex1='((a^b) * (a^c) * 888 * (a^67))((a^b) * (a^c) * 888 * (a^67))((a^b) * (a^c) * 888 * (a^67))((a^b) * (a^c) * 888 * (a^67))' latex2='(a^{b + c + 67} * 888)(a^{b + c + 67} * 888)(a^{b + c + 67} * 888)(a^{b + c + 67} * 888)'
2024-12-15 11:25:42,637 - DEBUG - Transformed latex1: mul(mul(mul(mul(pow(var(a), var(b)), pow(var(a), var(c))), num(888)), pow(var(a), num(67))), mul(mul(mul(mul(pow(var(a), var(b)), pow(var(a), var(c))), num(888)), pow(var(a), num(67))), mul(mul(mul(mul(pow(var(a), var(b)), pow(var(a), var(c))), num(888)), pow(var(a), num(67))), mul(mul(mul(pow(var(a), var(b)), pow(var(a), var(c))), num(888)), pow(var(a), num(67))))))
2024-12-15 11:25:42,676 - DEBUG - Transformed latex2: mul(mul(pow(var(a), sum(sum(var(b), var(c)), num(67))), num(888)), mul(mul(pow(var(a), sum(sum(var(b), var(c)), num(67))), num(888)), mul(mul(pow(var(a), sum(sum(var(b), var(c)), num(67))), num(888)), mul(pow(var(a), sum(sum(var(b), var(c)), num(67))), num(888)))))
2024-12-15 11:25:42,708 - INFO - Initialized ExpressionChecker.
2024-12-15 11:25:46,755 - DEBUG - Iteration result: progress='f', similarity=1, new_1=((((888*(a**(67+b+c)))*(888*(a**(67+b+c))))*(888*(a**(67+b+c))))*(888*(a**(67+(b+c))))), new_2=((((888*(a**(67+b+c)))*(888*(a**(67+b+c))))*(888*(a**(67+b+c))))*(888*(a**(67+(b+c)))))
2024-12-15 11:25:46,755 - INFO - Search completed.
2024-12-15 11:25:46,756 - INFO - Final similarity: 100.00%
2024-12-15 11:25:46,756 - INFO - Time taken (s): 4080.06 ms
2024-12-15 11:27:09,190 - INFO - Starting Flask application.
2024-12-15 11:28:48,639 - INFO - Starting Flask application.
2024-12-15 11:28:53,675 - INFO - Starting Flask application.
